<?xml version="1.0" encoding="UTF-8"?>
<!-- Generated by org.testng.reporters.JUnitXMLReporter -->
<testsuite ignored="0" hostname="DESKTOP-C4CLAPK" failures="0" tests="9" name="Test" time="30.185" errors="0" timestamp="2023-08-23T15:07:36 IST">
  <testcase classname="com.cdms.testcase.LoginTest" name="loginTest" time="2.573"/>
  <testcase classname="com.cdms.testcase.LoginTest" name="roleTest" time="0.052"/>
  <testcase classname="com.cdms.testcase.CafeteriaInputFields" name="Login" time="2.105"/>
  <testcase classname="com.cdms.testcase.CafeteriaInputFields" name="checkCafeteriaTopics" time="1.341"/>
  <testcase classname="com.cdms.testcase.CafeteriaInputFields" name="cafeteriaListinForm" time="1.126"/>
  <testcase classname="com.cdms.testcase.CafeteriaInputFields" name="groupDiscussionForm" time="0.421"/>
  <testcase classname="com.cdms.testcase.CafeteriaInputFields" name="DebatesForm" time="0.283"/>
  <testcase classname="com.cdms.testcase.CafeteriaInputFields" name="GVTopics" time="1.442"/>
  <testcase classname="com.cdms.testcase.CafeteriaInputFields" name="GVForm" time="1.816"/>
</testsuite> <!-- Test -->
