<?xml version="1.0" encoding="UTF-8"?>
<!-- Generated by org.testng.reporters.JUnitXMLReporter -->
<testsuite ignored="0" hostname="DESKTOP-C4CLAPK" failures="0" tests="5" name="Default test" time="18.208" errors="0" timestamp="2023-08-19T09:19:01 IST">
  <testcase classname="com.cdms.testcase.LoginTest" name="loginTest" time="2.921"/>
  <testcase classname="com.cdms.testcase.LoginTest" name="roleTest" time="0.066"/>
  <testcase classname="com.cdms.testcase.LoginTest" name="checkCafeteriaTopics" time="2.128"/>
  <testcase classname="com.cdms.testcase.LoginTest" name="cafeteriaListinForm" time="1.449"/>
  <testcase classname="com.cdms.testcase.LoginTest" name="groupDiscussionForm" time="0.22"/>
</testsuite> <!-- Default test -->
